<?xml version="1.0" encoding="UTF-8"?>
<!-- Generated by org.testng.reporters.JUnitReportReporter -->
<testsuite skipped="0" hostname="DESKTOP-FID49DI" name="com.tests.SauceDemoUI_Test" tests="6" failures="0" timestamp="30 Jun 2021 16:05:41 GMT" time="2.521" errors="0">
  <testcase name="negative_NoInput" time="0.763" classname="com.tests.SauceDemoUI_Test"/>
  <testcase name="negative_onlyUname_input" time="0.686" classname="com.tests.SauceDemoUI_Test"/>
  <testcase name="negative_Uname_input_OnlyCharas" time="0.356" classname="com.tests.SauceDemoUI_Test"/>
  <testcase name="negative_Uname_input_OnlySpl_Chars" time="0.221" classname="com.tests.SauceDemoUI_Test"/>
  <testcase name="negative_Uname_input_Only_Numericals" time="0.247" classname="com.tests.SauceDemoUI_Test"/>
  <testcase name="negativeTest_Username_input_Numericals_and_SpecialChars" time="0.248" classname="com.tests.SauceDemoUI_Test"/>
</testsuite> <!-- com.tests.SauceDemoUI_Test -->
